[21:40:47] [ServerMain/INFO]: [bootstrap] Running Java 21 (OpenJDK 64-Bit Server VM 21.0.7+6-Ubuntu-0ubuntu124.04; Ubuntu null) on Linux 6.8.0-1027-azure (amd64)
[21:40:47] [ServerMain/INFO]: [bootstrap] Loading Paper 1.21.1-57-master@b483da4 (2024-09-01T18:09:05Z) for Minecraft 1.21.1
[21:40:48] [ServerMain/INFO]: [PluginInitializerManager] Initializing plugins...
[21:40:51] [ServerMain/INFO]: [PluginInitializerManager] Initialized 32 plugins
[21:40:51] [ServerMain/INFO]: [PluginInitializerManager] Paper plugins (2):
 - Bending (3.10.1), SuperEnchants (3.1.8)
[21:40:51] [ServerMain/INFO]: [PluginInitializerManager] Bukkit plugins (30):
 - AuraSkills (2.3.3), AxGraves (1.22.2), AxTrade (1.18.1), BackpackPlus (1.4.5), CelestialSwords (1.2.7), Chunky (1.4.40), ClearLag (3.2.2), CrazyEnchantments (2.5.2), Essentials (2.21.1), EssentialsSpawn (2.21.1), ExecutableEvents (3.25.6.29), ExecutableItems (7.25.6.29), FaithBreak (1.2.0), GlowingItems (1.0.3), GodItems (3.0.1), ImageFrame (1.8.4.0), InvSeePlusPlus (0.30.4), LevelledMobs (4.3.1.1 b114), LuckPerms (5.5.0), MagicAbilities (0.4.4), MagicSpells (4.0-Beta-16), Orebfuscator (5.5.4), PlayerParticles (8.9), ProtocolLib (5.3.0), Quests (5.2.3-b537), SCore (5.25.6.29), SkinsRestorer (15.7.5), Terra (6.5.1-BETA+0a952cff4), WorldEdit (7.3.9+6959-7adf70b), WorldGuard (7.0.12+829a4a4)
[21:40:58] [ServerMain/INFO]: Environment: Environment[sessionHost=https://sessionserver.mojang.com, servicesHost=https://api.minecraftservices.com, name=PROD]
[21:41:00] [ServerMain/INFO]: [SuperEnchants] Custom enchantment 'Blindness' registered successfully.
[21:41:00] [ServerMain/INFO]: [SuperEnchants] Custom enchantment 'HealthSteal' registered successfully.
[21:41:00] [ServerMain/INFO]: [SuperEnchants] Custom enchantment 'Bleed' registered successfully.
[21:41:00] [ServerMain/INFO]: [SuperEnchants] Custom enchantment 'Lightning' registered successfully.
[21:41:00] [ServerMain/INFO]: [SuperEnchants] Custom enchantment 'Teleport' registered successfully.
[21:41:00] [ServerMain/INFO]: [SuperEnchants] Custom enchantment 'Jetpack' registered successfully.
[21:41:00] [ServerMain/INFO]: [SuperEnchants] Custom enchantment 'Explosive' registered successfully.
[21:41:00] [ServerMain/INFO]: [SuperEnchants] Custom enchantment 'Excavator' registered successfully.
[21:41:00] [ServerMain/INFO]: [SuperEnchants] Custom enchantment 'Autosmelt' registered successfully.
[21:41:00] [ServerMain/INFO]: [SuperEnchants] Custom enchantment 'Freeze' registered successfully.
[21:41:00] [ServerMain/INFO]: [SuperEnchants] Custom enchantment 'Confusion' registered successfully.
[21:41:00] [ServerMain/INFO]: [SuperEnchants] Custom enchantment 'Multishoot' registered successfully.
[21:41:00] [ServerMain/INFO]: [SuperEnchants] Custom enchantment 'Dash' registered successfully.
[21:41:00] [ServerMain/INFO]: [SuperEnchants] Custom enchantment 'Bloodlust' registered successfully.
[21:41:00] [ServerMain/INFO]: [SuperEnchants] Custom enchantment 'Shockwave' registered successfully.
[21:41:00] [ServerMain/INFO]: [SuperEnchants] Custom enchantment 'Veinminer' registered successfully.
[21:41:00] [ServerMain/INFO]: [SuperEnchants] Custom enchantment 'XPBoost' registered successfully.
[21:41:00] [ServerMain/INFO]: [SuperEnchants] Custom enchantment 'Enlightened' registered successfully.
[21:41:00] [ServerMain/INFO]: [SuperEnchants] Custom enchantment 'Enderaura' registered successfully.
[21:41:00] [ServerMain/INFO]: [SuperEnchants] Custom enchantment 'Frostbite' registered successfully.
[21:41:00] [ServerMain/INFO]: [SuperEnchants] Custom enchantment 'Leap' registered successfully.
[21:41:00] [ServerMain/INFO]: [SuperEnchants] Custom enchantment 'Speed' registered successfully.
[21:41:00] [ServerMain/INFO]: [SuperEnchants] Custom enchantment 'Magnet' registered successfully.
[21:41:00] [ServerMain/INFO]: [SuperEnchants] Custom enchantment 'Growth' registered successfully.
[21:41:00] [ServerMain/INFO]: [SuperEnchants] Custom enchantment 'Detonate' registered successfully.
[21:41:00] [ServerMain/INFO]: [SuperEnchants] Custom enchantment 'Backstabber' registered successfully.
[21:41:00] [ServerMain/INFO]: [SuperEnchants] Custom enchantment 'Piercing' registered successfully.
[21:41:00] [ServerMain/INFO]: [SuperEnchants] Custom enchantment 'Deflecting' registered successfully.
[21:41:00] [ServerMain/INFO]: [SuperEnchants] Custom enchantment 'Bait' registered successfully.
[21:41:00] [ServerMain/INFO]: [SuperEnchants] Custom enchantment 'Angler' registered successfully.
[21:41:00] [ServerMain/INFO]: [SuperEnchants] Custom enchantment 'Abiding' registered successfully.
[21:41:00] [ServerMain/INFO]: [SuperEnchants] Custom enchantment 'Disarm' registered successfully.
[21:41:00] [ServerMain/INFO]: [SuperEnchants] Custom enchantment 'Archer' registered successfully.
[21:41:00] [ServerMain/INFO]: [SuperEnchants] Custom enchantment 'Farmer' registered successfully.
[21:41:00] [ServerMain/INFO]: [SuperEnchants] Custom enchantment 'Decapitation' registered successfully.
[21:41:00] [ServerMain/INFO]: [SuperEnchants] Custom enchantment 'Dismantle' registered successfully.
[21:41:00] [ServerMain/INFO]: [SuperEnchants] Custom enchantment 'Famine' registered successfully.
[21:41:00] [ServerMain/INFO]: [SuperEnchants] Custom enchantment 'Spotlight' registered successfully.
[21:41:00] [ServerMain/INFO]: [SuperEnchants] Custom enchantment 'Feast' registered successfully.
[21:41:00] [ServerMain/INFO]: [SuperEnchants] Custom enchantment 'Updraft' registered successfully.
[21:41:00] [ServerMain/INFO]: [SuperEnchants] Custom enchantment 'Lavawalker' registered successfully.
[21:41:00] [ServerMain/INFO]: [SuperEnchants] Custom enchantment 'Doublestrike' registered successfully.
[21:41:00] [ServerMain/INFO]: [SuperEnchants] Custom enchantment 'Timber' registered successfully.
[21:41:00] [ServerMain/INFO]: [SuperEnchants] Custom enchantment 'Missile' registered successfully.
[21:41:00] [ServerMain/INFO]: [SuperEnchants] Custom enchantment 'Critical' registered successfully.
[21:41:00] [ServerMain/INFO]: [SuperEnchants] Custom enchantment 'Inflame' registered successfully.
[21:41:00] [ServerMain/INFO]: [SuperEnchants] Custom enchantment 'Nightowl' registered successfully.
[21:41:00] [ServerMain/INFO]: [SuperEnchants] Custom enchantment 'Headshot' registered successfully.
[21:41:00] [ServerMain/INFO]: [SuperEnchants] Custom enchantment 'Arrowstorm' registered successfully.
[21:41:00] [ServerMain/INFO]: [SuperEnchants] Custom enchantment 'Hook' registered successfully.
[21:41:00] [ServerMain/INFO]: [SuperEnchants] Custom enchantment 'Gravity' registered successfully.
[21:41:00] [ServerMain/INFO]: [SuperEnchants] Custom enchantment 'Adrenaline' registered successfully.
[21:41:00] [ServerMain/INFO]: [SuperEnchants] Custom enchantment 'Resilience' registered successfully.
[21:41:00] [ServerMain/INFO]: [SuperEnchants] Custom enchantment 'Coward' registered successfully.
[21:41:00] [ServerMain/INFO]: [SuperEnchants] Custom enchantment 'Weaken' registered successfully.
[21:41:00] [ServerMain/INFO]: [SuperEnchants] Custom enchantment 'Withering' registered successfully.
[21:41:00] [ServerMain/INFO]: [SuperEnchants] Custom enchantment 'Heavy' registered successfully.
[21:41:00] [ServerMain/INFO]: [SuperEnchants] Custom enchantment 'Lightweight' registered successfully.
[21:41:00] [ServerMain/INFO]: [SuperEnchants] Custom enchantment 'Blastoff' registered successfully.
[21:41:00] [ServerMain/INFO]: [SuperEnchants] Custom enchantment 'Flippers' registered successfully.
[21:41:00] [ServerMain/INFO]: [SuperEnchants] Custom enchantment 'Harvester' registered successfully.
[21:41:00] [ServerMain/INFO]: [SuperEnchants] Custom enchantment 'DragonHunter' registered successfully.
[21:41:00] [ServerMain/INFO]: [SuperEnchants] Custom enchantment 'Ascend' registered successfully.
[21:41:00] [ServerMain/INFO]: [SuperEnchants] Custom enchantment 'HellHunter' registered successfully.
[21:41:00] [ServerMain/INFO]: [SuperEnchants] Custom enchantment 'Cubism' registered successfully.
[21:41:00] [ServerMain/INFO]: [SuperEnchants] Custom enchantment 'Vanish' registered successfully.
[21:41:00] [ServerMain/INFO]: [SuperEnchants] Custom enchantment 'Dodge' registered successfully.
[21:41:00] [ServerMain/INFO]: [SuperEnchants] Custom enchantment 'Predator' registered successfully.
[21:41:00] [ServerMain/INFO]: [SuperEnchants] Custom enchantment 'Slaughter' registered successfully.
[21:41:00] [ServerMain/INFO]: [SuperEnchants] Custom enchantment 'SkullCrusher' registered successfully.
[21:41:00] [ServerMain/INFO]: [SuperEnchants] Custom enchantment 'Ninja' registered successfully.
[21:41:00] [ServerMain/INFO]: [SuperEnchants] Custom enchantment 'Thanos' registered successfully.
[21:41:00] [ServerMain/INFO]: [SuperEnchants] Custom enchantment 'Consume' registered successfully.
[21:41:02] [ServerMain/INFO]: Loaded 1290 recipes
[21:41:02] [ServerMain/INFO]: Loaded 1399 advancements
[21:41:02] [Server thread/INFO]: Starting minecraft server version 1.21.1
[21:41:02] [Server thread/INFO]: Loading properties
[21:41:02] [Server thread/INFO]: This server is running Paper version 1.21.1-57-master@b483da4 (2024-09-01T18:09:05Z) (Implementing API version 1.21.1-R0.1-SNAPSHOT)
[21:41:02] [Server thread/INFO]: [spark] This server bundles the spark profiler. For more information please visit https://docs.papermc.io/paper/profiling
[21:41:03] [Server thread/INFO]: Server Ping Player Sample Count: 12
[21:41:03] [Server thread/INFO]: Using 4 threads for Netty based IO
[21:41:03] [Server thread/INFO]: [ChunkTaskScheduler] Chunk system is using 1 I/O threads, 1 worker threads, and population gen parallelism of 1 threads
[21:41:03] [Server thread/INFO]: Default game type: SURVIVAL
[21:41:03] [Server thread/INFO]: Generating keypair
[21:41:03] [Server thread/INFO]: Starting Minecraft server on *:25565
[21:41:03] [Server thread/INFO]: Using epoll channel type
[21:41:03] [Server thread/INFO]: Paper: Using libdeflate (Linux x86_64) compression from Velocity.
[21:41:03] [Server thread/INFO]: Paper: Using OpenSSL 3.0.x (Linux x86_64) cipher from Velocity.
[21:41:04] [Server thread/INFO]: [SpigotLibraryLoader] [SCore] Loading 1 libraries... please wait
[21:41:05] [Server thread/INFO]: [SpigotLibraryLoader] [SCore] Loaded library /workspaces/psychic-dollop/servidor_minecraft/libraries/io/netty/netty-all/4.1.118.Final/netty-all-4.1.118.Final.jar
[21:41:05] [Server thread/INFO]: [SpigotLibraryLoader] [SCore] Loaded library /workspaces/psychic-dollop/servidor_minecraft/libraries/io/netty/netty-buffer/4.1.118.Final/netty-buffer-4.1.118.Final.jar
[21:41:05] [Server thread/INFO]: [SpigotLibraryLoader] [SCore] Loaded library /workspaces/psychic-dollop/servidor_minecraft/libraries/io/netty/netty-codec/4.1.118.Final/netty-codec-4.1.118.Final.jar
[21:41:05] [Server thread/INFO]: [SpigotLibraryLoader] [SCore] Loaded library /workspaces/psychic-dollop/servidor_minecraft/libraries/io/netty/netty-codec-dns/4.1.118.Final/netty-codec-dns-4.1.118.Final.jar
[21:41:05] [Server thread/INFO]: [SpigotLibraryLoader] [SCore] Loaded library /workspaces/psychic-dollop/servidor_minecraft/libraries/io/netty/netty-codec-haproxy/4.1.118.Final/netty-codec-haproxy-4.1.118.Final.jar
[21:41:05] [Server thread/INFO]: [SpigotLibraryLoader] [SCore] Loaded library /workspaces/psychic-dollop/servidor_minecraft/libraries/io/netty/netty-codec-http/4.1.118.Final/netty-codec-http-4.1.118.Final.jar
[21:41:05] [Server thread/INFO]: [SpigotLibraryLoader] [SCore] Loaded library /workspaces/psychic-dollop/servidor_minecraft/libraries/io/netty/netty-codec-http2/4.1.118.Final/netty-codec-http2-4.1.118.Final.jar
[21:41:05] [Server thread/INFO]: [SpigotLibraryLoader] [SCore] Loaded library /workspaces/psychic-dollop/servidor_minecraft/libraries/io/netty/netty-codec-memcache/4.1.118.Final/netty-codec-memcache-4.1.118.Final.jar
[21:41:05] [Server thread/INFO]: [SpigotLibraryLoader] [SCore] Loaded library /workspaces/psychic-dollop/servidor_minecraft/libraries/io/netty/netty-codec-mqtt/4.1.118.Final/netty-codec-mqtt-4.1.118.Final.jar
[21:41:05] [Server thread/INFO]: [SpigotLibraryLoader] [SCore] Loaded library /workspaces/psychic-dollop/servidor_minecraft/libraries/io/netty/netty-codec-redis/4.1.118.Final/netty-codec-redis-4.1.118.Final.jar
[21:41:05] [Server thread/INFO]: [SpigotLibraryLoader] [SCore] Loaded library /workspaces/psychic-dollop/servidor_minecraft/libraries/io/netty/netty-codec-smtp/4.1.118.Final/netty-codec-smtp-4.1.118.Final.jar
[21:41:05] [Server thread/INFO]: [SpigotLibraryLoader] [SCore] Loaded library /workspaces/psychic-dollop/servidor_minecraft/libraries/io/netty/netty-codec-socks/4.1.118.Final/netty-codec-socks-4.1.118.Final.jar
[21:41:05] [Server thread/INFO]: [SpigotLibraryLoader] [SCore] Loaded library /workspaces/psychic-dollop/servidor_minecraft/libraries/io/netty/netty-codec-stomp/4.1.118.Final/netty-codec-stomp-4.1.118.Final.jar
[21:41:05] [Server thread/INFO]: [SpigotLibraryLoader] [SCore] Loaded library /workspaces/psychic-dollop/servidor_minecraft/libraries/io/netty/netty-codec-xml/4.1.118.Final/netty-codec-xml-4.1.118.Final.jar
[21:41:05] [Server thread/INFO]: [SpigotLibraryLoader] [SCore] Loaded library /workspaces/psychic-dollop/servidor_minecraft/libraries/io/netty/netty-common/4.1.118.Final/netty-common-4.1.118.Final.jar
[21:41:05] [Server thread/INFO]: [SpigotLibraryLoader] [SCore] Loaded library /workspaces/psychic-dollop/servidor_minecraft/libraries/io/netty/netty-handler/4.1.118.Final/netty-handler-4.1.118.Final.jar
[21:41:05] [Server thread/INFO]: [SpigotLibraryLoader] [SCore] Loaded library /workspaces/psychic-dollop/servidor_minecraft/libraries/io/netty/netty-transport-native-unix-common/4.1.118.Final/netty-transport-native-unix-common-4.1.118.Final.jar
[21:41:05] [Server thread/INFO]: [SpigotLibraryLoader] [SCore] Loaded library /workspaces/psychic-dollop/servidor_minecraft/libraries/io/netty/netty-handler-proxy/4.1.118.Final/netty-handler-proxy-4.1.118.Final.jar
[21:41:05] [Server thread/INFO]: [SpigotLibraryLoader] [SCore] Loaded library /workspaces/psychic-dollop/servidor_minecraft/libraries/io/netty/netty-handler-ssl-ocsp/4.1.118.Final/netty-handler-ssl-ocsp-4.1.118.Final.jar
[21:41:05] [Server thread/INFO]: [SpigotLibraryLoader] [SCore] Loaded library /workspaces/psychic-dollop/servidor_minecraft/libraries/io/netty/netty-resolver/4.1.118.Final/netty-resolver-4.1.118.Final.jar
[21:41:05] [Server thread/INFO]: [SpigotLibraryLoader] [SCore] Loaded library /workspaces/psychic-dollop/servidor_minecraft/libraries/io/netty/netty-resolver-dns/4.1.118.Final/netty-resolver-dns-4.1.118.Final.jar
[21:41:05] [Server thread/INFO]: [SpigotLibraryLoader] [SCore] Loaded library /workspaces/psychic-dollop/servidor_minecraft/libraries/io/netty/netty-transport/4.1.118.Final/netty-transport-4.1.118.Final.jar
[21:41:05] [Server thread/INFO]: [SpigotLibraryLoader] [SCore] Loaded library /workspaces/psychic-dollop/servidor_minecraft/libraries/io/netty/netty-transport-rxtx/4.1.118.Final/netty-transport-rxtx-4.1.118.Final.jar
[21:41:05] [Server thread/INFO]: [SpigotLibraryLoader] [SCore] Loaded library /workspaces/psychic-dollop/servidor_minecraft/libraries/io/netty/netty-transport-sctp/4.1.118.Final/netty-transport-sctp-4.1.118.Final.jar
[21:41:05] [Server thread/INFO]: [SpigotLibraryLoader] [SCore] Loaded library /workspaces/psychic-dollop/servidor_minecraft/libraries/io/netty/netty-transport-udt/4.1.118.Final/netty-transport-udt-4.1.118.Final.jar
[21:41:05] [Server thread/INFO]: [SpigotLibraryLoader] [SCore] Loaded library /workspaces/psychic-dollop/servidor_minecraft/libraries/io/netty/netty-transport-classes-epoll/4.1.118.Final/netty-transport-classes-epoll-4.1.118.Final.jar
[21:41:05] [Server thread/INFO]: [SpigotLibraryLoader] [SCore] Loaded library /workspaces/psychic-dollop/servidor_minecraft/libraries/io/netty/netty-transport-classes-kqueue/4.1.118.Final/netty-transport-classes-kqueue-4.1.118.Final.jar
[21:41:05] [Server thread/INFO]: [SpigotLibraryLoader] [SCore] Loaded library /workspaces/psychic-dollop/servidor_minecraft/libraries/io/netty/netty-resolver-dns-classes-macos/4.1.118.Final/netty-resolver-dns-classes-macos-4.1.118.Final.jar
[21:41:05] [Server thread/INFO]: [SpigotLibraryLoader] [SCore] Loaded library /workspaces/psychic-dollop/servidor_minecraft/libraries/io/netty/netty-transport-native-epoll/4.1.118.Final/netty-transport-native-epoll-4.1.118.Final-linux-x86_64.jar
[21:41:05] [Server thread/INFO]: [SpigotLibraryLoader] [SCore] Loaded library /workspaces/psychic-dollop/servidor_minecraft/libraries/io/netty/netty-transport-native-epoll/4.1.118.Final/netty-transport-native-epoll-4.1.118.Final-linux-aarch_64.jar
[21:41:05] [Server thread/INFO]: [SpigotLibraryLoader] [SCore] Loaded library /workspaces/psychic-dollop/servidor_minecraft/libraries/io/netty/netty-transport-native-epoll/4.1.118.Final/netty-transport-native-epoll-4.1.118.Final-linux-riscv64.jar
[21:41:05] [Server thread/INFO]: [SpigotLibraryLoader] [SCore] Loaded library /workspaces/psychic-dollop/servidor_minecraft/libraries/io/netty/netty-transport-native-kqueue/4.1.118.Final/netty-transport-native-kqueue-4.1.118.Final-osx-x86_64.jar
[21:41:05] [Server thread/INFO]: [SpigotLibraryLoader] [SCore] Loaded library /workspaces/psychic-dollop/servidor_minecraft/libraries/io/netty/netty-transport-native-kqueue/4.1.118.Final/netty-transport-native-kqueue-4.1.118.Final-osx-aarch_64.jar
[21:41:05] [Server thread/INFO]: [SpigotLibraryLoader] [SCore] Loaded library /workspaces/psychic-dollop/servidor_minecraft/libraries/io/netty/netty-resolver-dns-native-macos/4.1.118.Final/netty-resolver-dns-native-macos-4.1.118.Final-osx-x86_64.jar
[21:41:05] [Server thread/INFO]: [SpigotLibraryLoader] [SCore] Loaded library /workspaces/psychic-dollop/servidor_minecraft/libraries/io/netty/netty-resolver-dns-native-macos/4.1.118.Final/netty-resolver-dns-native-macos-4.1.118.Final-osx-aarch_64.jar
[21:41:09] [Server thread/INFO]: [SpigotLibraryLoader] [BackpackPlus] Loading 2 libraries... please wait
[21:41:09] [Server thread/INFO]: [SpigotLibraryLoader] [BackpackPlus] Loaded library /workspaces/psychic-dollop/servidor_minecraft/libraries/com/zaxxer/HikariCP/4.0.3/HikariCP-4.0.3.jar
[21:41:09] [Server thread/INFO]: [SpigotLibraryLoader] [BackpackPlus] Loaded library /workspaces/psychic-dollop/servidor_minecraft/libraries/org/slf4j/slf4j-api/2.0.0-alpha1/slf4j-api-2.0.0-alpha1.jar
[21:41:09] [Server thread/INFO]: [SpigotLibraryLoader] [BackpackPlus] Loaded library /workspaces/psychic-dollop/servidor_minecraft/libraries/org/xerial/sqlite-jdbc/3.46.1.0/sqlite-jdbc-3.46.1.0.jar
[21:41:10] [Server thread/INFO]: [com.dfsek.terra.AbstractPlatform] Initializing Terra...
[21:41:10] [Server thread/INFO]: [com.dfsek.terra.AbstractPlatform] Loading config.yml
[21:41:10] [Server thread/INFO]: [com.dfsek.terra.config.PluginConfigImpl] Loading config values from config.yml
[21:41:11] [Server thread/INFO]: [com.dfsek.terra.AbstractPlatform] Loading 37 Terra addons:
        - biome-provider-extrusion@1.0.0-BETA+0a952cff4
        - biome-provider-image@1.0.1-BETA+0a952cff4
        - biome-provider-image-v2@1.0.1-BETA+0a952cff4
        - biome-provider-pipeline@1.0.2-BETA+0a952cff4
        - biome-provider-pipeline-v2@1.0.1-BETA+0a952cff4
        - biome-provider-single@1.0.0-BETA+0a952cff4
        - biome-query-api@1.0.0-BETA+0a952cff4
        - chunk-generator-noise-3d@1.2.1-BETA+0a952cff4
        - command-addons@1.0.0-BETA+0a952cff4
        - command-packs@1.0.0-BETA+0a952cff4
        - command-profiler@1.0.0-BETA+0a952cff4
        - command-structures@1.0.0-BETA+0a952cff4
        - config-biome@1.0.0-BETA+0a952cff4
        - config-distributors@1.0.1-BETA+0a952cff4
        - config-feature@1.0.0-BETA+0a952cff4
        - config-flora@1.0.1-BETA+0a952cff4
        - config-locators@1.1.1-BETA+0a952cff4
        - config-noise-function@1.2.0-BETA+0a952cff4
        - config-number-predicate@1.0.0-BETA+0a952cff4
        - config-ore@1.1.1-BETA+0a952cff4
        - config-palette@1.0.0-BETA+0a952cff4
        - config-structure@1.0.1-BETA+0a952cff4
        - generation-stage-feature@1.1.0-BETA+0a952cff4
        - generation-stage-structure@1.0.0-BETA+0a952cff4
        - language-yaml@1.0.0-BETA+0a952cff4
        - library-image@1.1.0-BETA+0a952cff4
        - locator-slant-noise-3d@1.0.0-BETA+0a952cff4
        - palette-block-shortcut@1.0.0-BETA+0a952cff4
        - pipeline-image@1.0.0-BETA+0a952cff4
        - structure-block-shortcut@1.0.0-BETA+0a952cff4
        - structure-function-check-noise-3d@1.0.1-BETA+0a952cff4
        - structure-mutator@0.1.0-BETA+0a952cff4
        - structure-sponge-loader@1.0.0-BETA+0a952cff4
        - structure-terrascript-loader@1.2.0-BETA+0a952cff4
        - terra@1.0.0
        - terra-bukkit@1.0.0
        - terrascript-function-sampler@1.0.0-BETA+0a952cff4
[21:41:11] [Server thread/INFO]: [com.dfsek.terra.AbstractPlatform] Terra addons successfully loaded.
[21:41:11] [Server thread/INFO]: [com.dfsek.terra.AbstractPlatform] Finished initialization.
[21:41:11] [Server thread/INFO]: [WorldEdit] Loading server plugin WorldEdit v7.3.9+6959-7adf70b
[21:41:14] [Server thread/INFO]: Got request to register class com.sk89q.worldedit.bukkit.BukkitServerInterface with WorldEdit [com.sk89q.worldedit.extension.platform.PlatformManager@27cfd1ee]
[21:41:14] [Server thread/INFO]: [LuckPerms] Loading server plugin LuckPerms v5.5.0
[21:41:14] [Server thread/INFO]: [WorldGuard] Loading server plugin WorldGuard v7.0.12+829a4a4
[21:41:14] [Server thread/INFO]: [ProtocolLib] Loading server plugin ProtocolLib v5.3.0
[21:41:15] [Server thread/INFO]: [Essentials] Loading server plugin Essentials v2.21.1
[21:41:15] [Server thread/INFO]: [SCore] Loading server plugin SCore v5.25.6.29
[21:41:15] [Server thread/INFO]: [LevelledMobs] Loading server plugin LevelledMobs v4.3.1.1 b114
[21:41:15] [Server thread/INFO]: [LevelledMobs] Loading commands
[21:41:16] [Server thread/INFO]: [Bending] Loading server plugin Bending v3.10.1
[21:41:16] [Server thread/INFO]: [AxTrade] Loading server plugin AxTrade v1.18.1
[21:41:16] [Server thread/INFO]: [GodItems] Loading server plugin GodItems v3.0.1
[21:41:16] [Server thread/INFO]: [GodItems] Loaded WorldGuard features.
[21:41:16] [Server thread/INFO]: [MagicSpells] Loading server plugin MagicSpells v4.0-Beta-16
[21:41:16] [Server thread/INFO]: [ImageFrame] Loading server plugin ImageFrame v1.8.4.0
[21:41:16] [Server thread/INFO]: [BackpackPlus] Loading server plugin BackpackPlus v1.4.5
[21:41:16] [Server thread/INFO]: [Orebfuscator] Loading server plugin Orebfuscator v5.5.4
[21:41:16] [Server thread/INFO]: [AuraSkills] Loading server plugin AuraSkills v2.3.3
[21:41:16] [Server thread/INFO]: [Quests] Loading server plugin Quests v5.2.3-b537
[21:41:16] [Server thread/INFO]: [CelestialSwords] Loading server plugin CelestialSwords v1.2.7
[21:41:16] [Server thread/INFO]: [ClearLag] Loading server plugin ClearLag v3.2.2
[21:41:16] [Server thread/INFO]: [GlowingItems] Loading server plugin GlowingItems v1.0.3
[21:41:16] [Server thread/INFO]: [Chunky] Loading server plugin Chunky v1.4.40
[21:41:16] [Server thread/INFO]: [FaithBreak] Loading server plugin FaithBreak v1.2.0
[21:41:16] [Server thread/INFO]: [AxGraves] Loading server plugin AxGraves v1.22.2
[21:41:16] [Server thread/INFO]: [InvSee++] Loading server plugin InvSeePlusPlus v0.30.4
[21:41:16] [Server thread/INFO]: [EssentialsSpawn] Loading server plugin EssentialsSpawn v2.21.1
[21:41:16] [Server thread/INFO]: [MagicAbilities] Loading server plugin MagicAbilities v0.4.4
[21:41:16] [Server thread/INFO]: [Terra] Loading server plugin Terra v6.5.1-BETA+0a952cff4
[21:41:16] [Server thread/INFO]: [ExecutableEvents] Loading server plugin ExecutableEvents v3.25.6.29
[21:41:16] [Server thread/INFO]: [ExecutableItems] Loading server plugin ExecutableItems v7.25.6.29
[21:41:16] [Server thread/INFO]: [CrazyEnchantments] Loading server plugin CrazyEnchantments v2.5.2
[21:41:16] [Server thread/INFO]: [SuperEnchants] Loading server plugin SuperEnchants v3.1.8
[21:41:16] [Server thread/INFO]: [PlayerParticles] Loading server plugin PlayerParticles v8.9
[21:41:16] [Server thread/INFO]: [SkinsRestorer] Loading server plugin SkinsRestorer v15.7.5
[21:41:16] [Server thread/INFO]: Server permissions file permissions.yml is empty, ignoring it
[21:41:16] [Server thread/INFO]: [WorldEdit] Enabling WorldEdit v7.3.9+6959-7adf70b
[21:41:16] [Server thread/INFO]: Registering commands with com.sk89q.worldedit.bukkit.BukkitServerInterface
[21:41:17] [Server thread/INFO]: WEPIF: Using the Bukkit Permissions API.
[21:41:17] [Server thread/INFO]: Using com.sk89q.worldedit.bukkit.adapter.impl.v1_21.PaperweightAdapter as the Bukkit adapter
[21:41:20] [Server thread/INFO]: [LuckPerms] Enabling LuckPerms v5.5.0
[21:41:20] [Server thread/INFO]:         __    
[21:41:20] [Server thread/INFO]:   |    |__)   LuckPerms v5.5.0
[21:41:20] [Server thread/INFO]:   |___ |      Running on Bukkit - Paper
[21:41:20] [Server thread/INFO]: 
[21:41:20] [Server thread/INFO]: [LuckPerms] Loading configuration...
[21:41:21] [Server thread/INFO]: [LuckPerms] Loading storage provider... [H2]
[21:41:21] [Server thread/INFO]: [LuckPerms] Loading internal permission managers...
[21:41:21] [Server thread/INFO]: [LuckPerms] Performing initial data load...
[21:41:22] [Server thread/INFO]: [LuckPerms] Successfully enabled. (took 1982ms)
[21:41:22] [Server thread/INFO]: [ProtocolLib] Enabling ProtocolLib v5.3.0
[21:41:22] [Server thread/INFO]: [GlowingItems] Enabling GlowingItems v1.0.3
[21:41:22] [Server thread/INFO]: [GlowingItems] GlowingItems is now enabled, thank you for using my Plugin!
[21:41:22] [Server thread/INFO]: [GlowingItems] You can find instructions here: https://codingcat2468.github.io/minecraft/2024/04/07/glowing-items-plugin.html
[21:41:22] [Server thread/INFO]: [Terra] Enabling Terra v6.5.1-BETA+0a952cff4
[21:41:22] [Server thread/INFO]: [com.dfsek.terra.bukkit.TerraBukkitPlugin] Running on Minecraft version v1.21.1 with server implementation Paper.
[21:41:22] [Server thread/INFO]: [com.dfsek.terra.AbstractPlatform] Loading config packs...
[21:41:22] [Server thread/INFO]: [com.dfsek.terra.registry.master.ConfigRegistry] Loading ZIP archive: origen-v2.2.0.zip
[21:41:25] [Server thread/INFO]: [com.dfsek.terra.config.pack.ConfigPackImpl] Loading config pack "ORIGEN:ORIGEN"
[21:41:25] [Server thread/WARN]: [com.dfsek.terra.bukkit.handles.BukkitWorldHandle] Translating minecraft:grass to minecraft:short_grass. In 1.20.3 minecraft:grass was renamed to minecraft:short_grass. You are advised to perform this rename in your config backs as this translation will be removed in the next major version of Terra.
[21:41:25] [Server thread/WARN]: [com.dfsek.terra.bukkit.handles.BukkitWorldHandle] Translating minecraft:grass to minecraft:short_grass. In 1.20.3 minecraft:grass was renamed to minecraft:short_grass. You are advised to perform this rename in your config backs as this translation will be removed in the next major version of Terra.
[21:41:26] [ForkJoinPool.commonPool-worker-1/WARN]: [com.dfsek.terra.bukkit.handles.BukkitWorldHandle] Translating minecraft:grass to minecraft:short_grass. In 1.20.3 minecraft:grass was renamed to minecraft:short_grass. You are advised to perform this rename in your config backs as this translation will be removed in the next major version of Terra.
[21:41:26] [Server thread/WARN]: [com.dfsek.terra.bukkit.handles.BukkitWorldHandle] Translating minecraft:grass to minecraft:short_grass. In 1.20.3 minecraft:grass was renamed to minecraft:short_grass. You are advised to perform this rename in your config backs as this translation will be removed in the next major version of Terra.
[21:41:26] [ForkJoinPool.commonPool-worker-1/WARN]: [com.dfsek.terra.bukkit.handles.BukkitWorldHandle] Translating minecraft:grass to minecraft:short_grass. In 1.20.3 minecraft:grass was renamed to minecraft:short_grass. You are advised to perform this rename in your config backs as this translation will be removed in the next major version of Terra.
[21:41:26] [ForkJoinPool.commonPool-worker-1/WARN]: [com.dfsek.terra.bukkit.handles.BukkitWorldHandle] Translating minecraft:grass to minecraft:short_grass. In 1.20.3 minecraft:grass was renamed to minecraft:short_grass. You are advised to perform this rename in your config backs as this translation will be removed in the next major version of Terra.
[21:41:27] [Server thread/INFO]: [com.dfsek.terra.config.pack.ConfigPackImpl] Loaded config pack "ORIGEN:ORIGEN" v1.0.0 by Astrash, Sancires, Aureus, Rearth in 5394.464769ms.
[21:41:28] [Server thread/INFO]: [com.dfsek.terra.registry.master.ConfigRegistry] Loading ZIP archive: default.zip
[21:41:28] [Server thread/INFO]: [com.dfsek.terra.config.pack.ConfigPackImpl] Loading config pack "OVERWORLD:OVERWORLD"
[21:41:30] [Server thread/INFO]: [com.dfsek.terra.config.pack.ConfigPackImpl] Loaded config pack "OVERWORLD:OVERWORLD" v1.3.4 by Astrash, Sancires, Aureus in 1998.454343ms.
[21:41:30] [Server thread/INFO]: [com.dfsek.terra.AbstractPlatform] Loaded packs.
[21:41:30] [Server thread/INFO]: [com.dfsek.terra.bukkit.nms.v1_21.AwfulBukkitHacks] Hacking biome registry...
[21:41:30] [Server thread/INFO]: [com.dfsek.terra.bukkit.nms.v1_21.AwfulBukkitHacks] Doing tag garbage....
[21:41:31] [Server thread/INFO]: [SuperEnchants] Enabling SuperEnchants v3.1.8
[21:41:31] [Server thread/INFO]: [SuperEnchants] Loading SuperEnchants v3.1.8 by Aznos
[21:41:31] [Server thread/INFO]: [SuperEnchants] -------------------------------------
[21:41:31] [Server thread/INFO]: [SuperEnchants] If you'd like to support SuperEnchants and you find it useful, please consider donating at: https://buymeacoffee.com/aznos
[21:41:31] [Server thread/INFO]: [SuperEnchants] -------------------------------------
[21:41:31] [Server thread/WARN]: [SuperEnchants] Could not save lang_en.yml to plugins/SuperEnchants/lang_en.yml because lang_en.yml already exists.
[21:41:31] [Server thread/WARN]: [SuperEnchants] Could not save lang_de.yml to plugins/SuperEnchants/lang_de.yml because lang_de.yml already exists.
[21:41:31] [Server thread/WARN]: [SuperEnchants] Could not save lang_pt.yml to plugins/SuperEnchants/lang_pt.yml because lang_pt.yml already exists.
[21:41:31] [Server thread/WARN]: [SuperEnchants] Could not save lang_es.yml to plugins/SuperEnchants/lang_es.yml because lang_es.yml already exists.
[21:41:31] [Server thread/WARN]: [SuperEnchants] Could not save lang_fr.yml to plugins/SuperEnchants/lang_fr.yml because lang_fr.yml already exists.
[21:41:31] [Server thread/WARN]: [SuperEnchants] Could not save lang_nl.yml to plugins/SuperEnchants/lang_nl.yml because lang_nl.yml already exists.
[21:41:31] [Server thread/WARN]: [SuperEnchants] Could not save lang_ru.yml to plugins/SuperEnchants/lang_ru.yml because lang_ru.yml already exists.
[21:41:31] [Server thread/WARN]: [SuperEnchants] Could not save lang_pirate.yml to plugins/SuperEnchants/lang_pirate.yml because lang_pirate.yml already exists.
[21:41:31] [Server thread/INFO]: [SkinsRestorer] Enabling SkinsRestorer v15.7.5
[21:41:33] [Server thread/INFO]: [SkinsRestorer] Running on Minecraft 1.21.1.
[21:41:34] [Server thread/INFO]: [SkinsRestorer] Using paper join listener!
[21:41:35] [Server thread/WARN]: **** SERVER IS RUNNING IN OFFLINE/INSECURE MODE!
[21:41:35] [Server thread/WARN]: The server will make no attempt to authenticate usernames. Beware.
[21:41:35] [Server thread/WARN]: While this makes the game possible to play without internet access, it also opens up the ability for hackers to connect with any username they choose.
[21:41:35] [Server thread/WARN]: To change this, set "online-mode" to "true" in the server.properties file.
[21:41:35] [Server thread/INFO]: Preparing level "world"
[21:41:35] [Folia Async Scheduler Thread #1/INFO]: [SkinsRestorer] ----------------------------------------------
[21:41:35] [Folia Async Scheduler Thread #1/INFO]: [SkinsRestorer]     +==================+
[21:41:35] [Folia Async Scheduler Thread #1/INFO]: [SkinsRestorer]     |   SkinsRestorer  |
[21:41:35] [Folia Async Scheduler Thread #1/INFO]: [SkinsRestorer]     |------------------|
[21:41:35] [Folia Async Scheduler Thread #1/INFO]: [SkinsRestorer]     |  Standalone Mode |
[21:41:35] [Folia Async Scheduler Thread #1/INFO]: [SkinsRestorer]     +==================+
[21:41:35] [Folia Async Scheduler Thread #1/INFO]: [SkinsRestorer] ----------------------------------------------
[21:41:35] [Folia Async Scheduler Thread #1/INFO]: [SkinsRestorer]     Version: 15.7.5
[21:41:35] [Folia Async Scheduler Thread #1/INFO]: [SkinsRestorer]     Commit: 9bd68f3
[21:41:35] [Folia Async Scheduler Thread #1/INFO]: [SkinsRestorer]     This is the latest version!
[21:41:35] [Folia Async Scheduler Thread #1/INFO]: [SkinsRestorer] ----------------------------------------------
[21:41:35] [Folia Async Scheduler Thread #1/INFO]: [SkinsRestorer] Do you have issues? Read our troubleshooting guide: https://skinsrestorer.net/docs/troubleshooting
[21:41:35] [Folia Async Scheduler Thread #1/INFO]: [SkinsRestorer] Want to support SkinsRestorer? Consider donating: https://skinsrestorer.net/donate
[21:41:36] [Server thread/INFO]: [com.dfsek.terra.bukkit.nms.v1_21.NMSInjectListener] Preparing to take over the world: world
[21:41:36] [Server thread/INFO]: [com.dfsek.terra.bukkit.nms.v1_21.NMSInjectListener] Successfully injected into world.
[21:41:37] [Server thread/INFO]: Preparing start region for dimension minecraft:overworld
[21:41:39] [Server thread/INFO]: Time elapsed: 2570 ms
[21:41:39] [Server thread/INFO]: Preparing start region for dimension minecraft:the_nether
[21:41:40] [Server thread/INFO]: Time elapsed: 494 ms
[21:41:40] [Server thread/INFO]: Preparing start region for dimension minecraft:the_end
[21:41:40] [Server thread/INFO]: Time elapsed: 398 ms
[21:41:40] [Server thread/INFO]: [WorldGuard] Enabling WorldGuard v7.0.12+829a4a4
[21:41:41] [Server thread/INFO]: [WorldGuard] (world) TNT ignition is PERMITTED.
[21:41:41] [Server thread/INFO]: [WorldGuard] (world) Lighters are PERMITTED.
[21:41:41] [Server thread/INFO]: [WorldGuard] (world) Lava fire is PERMITTED.
[21:41:41] [Server thread/INFO]: [WorldGuard] (world) Fire spread is UNRESTRICTED.
[21:41:41] [Server thread/INFO]: [WorldGuard] Loaded configuration for world 'world'
[21:41:41] [Server thread/INFO]: [WorldGuard] (world_nether) TNT ignition is PERMITTED.
[21:41:41] [Server thread/INFO]: [WorldGuard] (world_nether) Lighters are PERMITTED.
[21:41:41] [Server thread/INFO]: [WorldGuard] (world_nether) Lava fire is PERMITTED.
[21:41:41] [Server thread/INFO]: [WorldGuard] (world_nether) Fire spread is UNRESTRICTED.
[21:41:41] [Server thread/INFO]: [WorldGuard] Loaded configuration for world 'world_nether'
[21:41:41] [Server thread/INFO]: [WorldGuard] (world_the_end) TNT ignition is PERMITTED.
[21:41:41] [Server thread/INFO]: [WorldGuard] (world_the_end) Lighters are PERMITTED.
[21:41:41] [Server thread/INFO]: [WorldGuard] (world_the_end) Lava fire is PERMITTED.
[21:41:41] [Server thread/INFO]: [WorldGuard] (world_the_end) Fire spread is UNRESTRICTED.
[21:41:41] [Server thread/INFO]: [WorldGuard] Loaded configuration for world 'world_the_end'
[21:41:41] [Server thread/INFO]: [WorldGuard] Loading region data...
[21:41:42] [Server thread/INFO]: [Essentials] Enabling Essentials v2.21.1
[21:41:44] [Server thread/ERROR]: [Essentials] You are running an unsupported server version!
[21:41:44] [Server thread/INFO]: [Essentials] Attempting to convert old kits in config.yml to new kits.yml
[21:41:44] [Server thread/INFO]: [Essentials] No kits found to migrate.
[21:41:44] [Server thread/INFO]: [Essentials] Selected 1.17.1+ World Info Provider as the provider for WorldInfoProvider
[21:41:44] [Server thread/INFO]: [Essentials] Selected Reflection Formatted Command Alias Provider as the provider for FormattedCommandAliasProvider
[21:41:45] [Server thread/INFO]: [Essentials] Selected 1.14+ Sign Data Provider as the provider for SignDataProvider
[21:41:45] [Server thread/INFO]: [Essentials] Selected 1.20.4+ Damage Event Provider as the provider for DamageEventProvider
[21:41:45] [Server thread/INFO]: [Essentials] Selected 1.11+ Item Unbreakable Provider as the provider for ItemUnbreakableProvider
[21:41:45] [Server thread/INFO]: [Essentials] Selected Paper Server State Provider as the provider for ServerStateProvider
[21:41:45] [Server thread/INFO]: [Essentials] Selected 1.21+ InventoryView Interface ABI Provider as the provider for InventoryViewProvider
[21:41:45] [Server thread/INFO]: [Essentials] Selected Paper Serialization Provider as the provider for SerializationProvider
[21:41:45] [Server thread/INFO]: [Essentials] Selected 1.20.5+ Banner Data Provider as the provider for BannerDataProvider
[21:41:45] [Server thread/INFO]: [Essentials] Selected Paper Container Provider as the provider for ContainerProvider
[21:41:45] [Server thread/INFO]: [Essentials] Selected 1.20.6+ Potion Meta Provider as the provider for PotionMetaProvider
[21:41:45] [Server thread/INFO]: [Essentials] Selected Reflection Sync Commands Provider as the provider for SyncCommandsProvider
[21:41:45] [Server thread/INFO]: [Essentials] Selected 1.12.2+ Player Locale Provider as the provider for PlayerLocaleProvider
[21:41:45] [Server thread/INFO]: [Essentials] Selected 1.12+ Spawner Block Provider as the provider for SpawnerBlockProvider
[21:41:45] [Server thread/INFO]: [Essentials] Selected Paper Biome Key Provider as the provider for BiomeKeyProvider
[21:41:45] [Server thread/INFO]: [Essentials] Selected 1.8.3+ Spawner Item Provider as the provider for SpawnerItemProvider
[21:41:45] [Server thread/INFO]: [Essentials] Selected Reflection Online Mode Provider as the provider for OnlineModeProvider
[21:41:45] [Server thread/INFO]: [Essentials] Selected Paper Material Tag Provider as the provider for MaterialTagProvider
[21:41:45] [Server thread/INFO]: [Essentials] Selected Paper Known Commands Provider as the provider for KnownCommandsProvider
[21:41:45] [Server thread/INFO]: [Essentials] Selected 1.13+ Spawn Egg Provider as the provider for SpawnEggProvider
[21:41:45] [Server thread/INFO]: [Essentials] Selected 1.14.4+ Persistent Data Container Provider as the provider for PersistentDataProvider
[21:41:45] [Server thread/INFO]: [Essentials] Selected Paper Tick Count Provider as the provider for TickCountProvider
[21:41:45] [Server thread/INFO]: [Essentials] Loaded 43517 items from items.json.
[21:41:45] [Server thread/INFO]: [Essentials] Using locale en
[21:41:46] [Server thread/INFO]: [Essentials] ServerListPingEvent: Spigot iterator API
[21:41:46] [Server thread/INFO]: [Essentials] Starting Metrics. Opt-out using the global bStats config.
[21:41:46] [Server thread/WARN]: [Essentials] Detected supported permissions plugin LuckPerms without Vault installed.
[21:41:46] [Server thread/WARN]: [Essentials] Features such as chat prefixes/suffixes and group-related functionality will not work until you install Vault.
[21:41:46] [Server thread/INFO]: [Essentials] Using superperms-based permissions.
[21:41:46] [Server thread/INFO]: [SCore] Enabling SCore v5.25.6.29
[21:41:47] [Server thread/INFO]: SCore The library part of SCore is initializing ... (by SCore)
[21:41:47] [Server thread/INFO]: SCore ExecutableItems hooked !  (7.25.6.29) Load After
[21:41:47] [Server thread/INFO]: SCore ExecutableEvents hooked !  (3.25.6.29) Load After
[21:41:47] [Server thread/INFO]: SCore WorldGuard hooked !  (7.0.12+829a4a4)  Load Before
[21:41:47] [Server thread/INFO]: SCore ProtocolLib hooked !
[21:41:47] [Server thread/INFO]: SCore Locale setup: EN
[21:41:47] [Server thread/INFO]: SCore Terra hooked !  (6.5.1-BETA+0a952cff4)  Load Before
[21:41:47] [Server thread/INFO]: SCore WorldEdit hooked !  (7.3.9+6959-7adf70b)  Load Before
[21:41:47] [Server thread/INFO]: SCore Language of the editor setup on EN
[21:41:47] [Server thread/INFO]: SCore will connect to the database hosted: In Local
[21:41:47] [Server thread/INFO]: SCore Connection to the db...
[21:41:47] [Server thread/INFO]: SCore will connect to the database hosted: In Local
[21:41:47] [Server thread/INFO]: SCore Creating table SecurityOP if not exists...
[21:41:47] [Server thread/INFO]: SCore Creating table Commands if not exists...
[21:41:47] [Server thread/INFO]: SCore Creating table Cooldowns if not exists...
[21:41:47] [Server thread/INFO]: SCore Creating table Commands Player if not exists...
[21:41:47] [Server thread/INFO]: SCore Creating table Commands Entity if not exists...
[21:41:47] [Server thread/INFO]: SCore Creating table Commands Block if not exists...
[21:41:47] [Server thread/INFO]: SCore Creating table UsePerDay if not exists...
[21:41:47] [Server thread/ERROR]: [SCore] Failed to register events for class com.ssomar.score.events.TESTEVENT because org/bukkit/event/player/PlayerInputEvent does not exist.
[21:41:47] [Server thread/INFO]: SCore SCore loaded 0 delayed commands saved
[21:41:48] [Server thread/INFO]: ================ SCore ================
[21:41:48] [Server thread/INFO]: SCore is running on Folia
[21:41:48] [Server thread/INFO]: SCore is running on Paper or fork
[21:41:48] [Server thread/INFO]: SCore Version of the server 1.21.1-57-b483da4 (MC: 1.21.1) !
[21:41:48] [Server thread/INFO]: SCore Language for in-game messages setup on EN
[21:41:49] [Server thread/INFO]: SCore SCore loaded 1 variables from local files !
[21:41:49] [Server thread/INFO]: ================ SCore ================
[21:41:49] [Server thread/INFO]: [LevelledMobs] Enabling LevelledMobs v4.3.1.1 b114
[21:41:49] [Server thread/INFO]: [LevelledMobs] Enabling commands
[21:41:49] [Server thread/INFO]: [LevelledMobs] Building reflection cache, use simple names: true
[21:41:49] [Server thread/INFO]: [LevelledMobs] Found Essentials, loading integration
[21:41:49] [Server thread/INFO]: [LevelledMobs] Using NMS version 1.21.1 for nametag support
[21:41:49] [Server thread/INFO]: [LevelledMobs] File Loader: Loading files...
[21:41:49] [Server thread/INFO]: [LevelledMobs] File Loader: Loading file 'settings.yml'...
[21:41:49] [Server thread/INFO]: [LevelledMobs] File Loader: Loading file 'messages.yml'...
[21:41:49] [Server thread/INFO]: [LevelledMobs] File Loader: Loading file 'externalplugins.yml'...
[21:41:49] [Server thread/INFO]: [LevelledMobs] File Loader: Loading file 'rules.yml'...
[21:41:50] [Server thread/INFO]: [LevelledMobs] Current rules hash: 9b0f48e3273bb9cc29d2891ad33fb3410fec8cf1e77c2092ff670fd38f6d4ff5
[21:41:50] [Server thread/INFO]: [LevelledMobs] File Loader: Loading file 'customdrops.yml'...
[21:41:50] [Server thread/INFO]: [LevelledMobs] Listeners: Registering event listeners...
[21:41:50] [Server thread/INFO]: [LevelledMobs] Running misc procedures
[21:41:50] [Server thread/INFO]: [LevelledMobs] Tasks: Starting async nametag auto update task...
[21:41:50] [Server thread/INFO]: [LevelledMobs] Start-up complete (took 1232ms)
[21:41:50] [Server thread/INFO]: [Bending] Enabling Bending v3.10.1
[21:41:51] [Server thread/INFO]: [Bending] Successfully loaded native adapter for version 1.21.1
[21:41:51] [Server thread/INFO]: [com.zaxxer.hikari.HikariDataSource] bending-hikari - Starting...
[21:41:52] [Server thread/INFO]: [com.zaxxer.hikari.pool.HikariPool] bending-hikari - Added connection conn0: url=jdbc:h2:/workspaces/psychic-dollop/servidor_minecraft/plugins/Bending/data/h2/bending user=BENDING
[21:41:52] [Server thread/INFO]: [com.zaxxer.hikari.HikariDataSource] bending-hikari - Start completed.
[21:41:53] [/INFO]: [Bending] Registered translations: [en]
[21:41:53] [Server thread/INFO]: [org.flywaydb.core.FlywayExecutor] Database: jdbc:h2:/workspaces/psychic-dollop/servidor_minecraft/plugins/Bending/data/h2/bending (H2 2.3)
[21:41:53] [Server thread/WARN]: [org.flywaydb.core.internal.database.base.Database] Flyway upgrade recommended: H2 2.3.232 is newer than this version of Flyway and support has not been tested. The latest supported version of H2 is 2.2.224.
[21:41:53] [Server thread/INFO]: [org.flywaydb.core.internal.command.DbValidate] Successfully validated 4 migrations (execution time 00:00.050s)
[21:41:53] [Server thread/INFO]: [org.flywaydb.core.internal.command.DbMigrate] Current version of schema "PUBLIC": 4
[21:41:53] [Server thread/INFO]: [org.flywaydb.core.internal.command.DbMigrate] Schema "PUBLIC" is up to date. No migration necessary.
[21:41:54] [Server thread/INFO]: [Bending] Found 67 registered abilities (9 Sequences)!
[21:41:54] [Server thread/INFO]: [Bending] Found 228 registered collisions!
[21:41:54] [Server thread/INFO]: [Bending] Registered protection plugins: [worldguard]
[21:41:54] [Server thread/INFO]: [Bending] Registered translations: [en]
[21:41:54] [Server thread/INFO]: [AxTrade] Enabling AxTrade v1.18.1
[21:41:58] [Server thread/INFO]: [AxTrade] Loaded plugin!
[21:41:58] [Server thread/INFO]: [GodItems] Enabling GodItems v3.0.1
[21:41:58] [Server thread/INFO]: [GodItems] Made by MitromniZ and Cros_bow
[21:41:58] [Server thread/INFO]: [GodItems] The texture pack is only available if you download the plugin from our patreon page
[21:41:59] [Server thread/INFO]: [MagicSpells] Enabling MagicSpells v4.0-Beta-16
[21:41:59] [Server thread/INFO]: [MagicSpells] [ACF] Enabled Asynchronous Tab Completion Support!
[21:41:59] [Server thread/INFO]: [MagicSpells] Found volatile code handler for 1.21.1.
[21:42:00] [Server thread/INFO]: [MagicSpells] Initializing permissions
[21:42:00] [Server thread/INFO]: [MagicSpells] Loading magic items...
[21:42:00] [Server thread/INFO]: [MagicSpells] ...0 magic items loaded
[21:42:00] [Server thread/INFO]: [MagicSpells] Loading recipes...
[21:42:00] [Server thread/INFO]: [MagicSpells] ...0 recipes loaded
[21:42:00] [Server thread/INFO]: [MagicSpells] Loading spells...
[21:42:00] [Server thread/WARN]: [MagicSpells] LONG SPELL LOAD TIME: anvil: 225ms
[21:42:00] [Server thread/WARN]: [MagicSpells] LONG SPELL LOAD TIME: armor: 65ms
[21:42:01] [Server thread/WARN]: [MagicSpells] Need help? Check out our discord: https://discord.magicspells.dev/
[21:42:01] [Server thread/INFO]: [MagicSpells] ...spells loaded: 89
[21:42:01] [Server thread/INFO]: [MagicSpells] Finalizing perms...
[21:42:01] [Server thread/INFO]: [MagicSpells] ...done
[21:42:01] [Server thread/INFO]: [MagicSpells] Initializing storage handler...
[21:42:01] [Server thread/INFO]: [MagicSpells] ...done
[21:42:01] [Server thread/INFO]: [MagicSpells] Loading online player spellbooks...
[21:42:01] [Server thread/INFO]: [MagicSpells] ...done
[21:42:01] [Server thread/INFO]: [MagicSpells] Restored cooldowns
[21:42:01] [Server thread/INFO]: [MagicSpells] Enabling mana system...
[21:42:01] [Server thread/INFO]: [MagicSpells] ...done
[21:42:01] [Server thread/INFO]: [MagicSpells] Loading cast listeners...
[21:42:01] [Server thread/INFO]: [MagicSpells] ...done
[21:42:02] [Server thread/INFO]: [ImageFrame] Enabling ImageFrame v1.8.4.0
[21:42:10] [Server thread/INFO]: [ImageFrame] ImageFrame has been Enabled!
[21:42:10] [Server thread/INFO]: [BackpackPlus] Enabling BackpackPlus v1.4.5
[21:42:10] [Server thread/INFO]: [BackpackPlus] [Pack] No update needed; current readme is up to date.
[21:42:10] [Server thread/INFO]: [BackpackPlus] [Settings] Configuration loaded successfully. No missing fields detected.
[21:42:10] [Server thread/INFO]: [BackpackPlus] [Database] Configuration loaded successfully. No missing fields detected.
[21:42:10] [Server thread/INFO]: [BackpackPlus] [Database] SQLite Successfully connected to database
[21:42:10] [Server thread/INFO]: [BackpackPlus] Language used: eng
[21:42:10] [Thread-18/INFO]: Environment: Environment[sessionHost=https://sessionserver.mojang.com, servicesHost=https://api.minecraftservices.com, name=PROD]
[21:42:11] [Server thread/INFO]: [Orebfuscator] Enabling Orebfuscator v5.5.4
[21:42:14] [Server thread/INFO]: [AuraSkills] Enabling AuraSkills v2.3.3
[21:42:16] [Server thread/INFO]: [AuraSkills] Loaded 21 message files
[21:42:17] [Server thread/INFO]: [AuraSkills] Successfully registered hook LuckPerms
[21:42:17] [Server thread/INFO]: [AuraSkills] Successfully registered hook ProtocolLib
[21:42:17] [Server thread/INFO]: [AuraSkills] Successfully registered hook WorldGuard
[21:42:17] [Server thread/INFO]: [AuraSkills] Loaded 158 config options in 99 ms
[21:42:17] [Server thread/INFO]: [NBTAPI] [NBTAPI] Found Minecraft: 1.21.1! Trying to find NMS support
[21:42:17] [Server thread/INFO]: [NBTAPI] [NBTAPI] NMS support 'MC1_21_R1' loaded!
[21:42:17] [Server thread/INFO]: [NBTAPI] [NBTAPI] Using the plugin 'AuraSkills' to create a bStats instance!
[21:42:17] [Server thread/INFO]: [AuraSkills] Loaded 3 blocked/disabled worlds
[21:42:17] [Server thread/INFO]: [AuraSkills] [ACF] Enabled Asynchronous Tab Completion Support!
[21:42:18] [Server thread/INFO]: [Quests] Enabling Quests v5.2.3-b537
[21:42:18] [Server thread/WARN]: [org.bukkit.craftbukkit.legacy.CraftLegacy] Initializing Legacy Material Support. Unless you have legacy plugins and/or data this is a bug!
[21:42:28] [Server thread/INFO]: [NBTAPI] [NBTAPI] Found Minecraft: 1.21.1! Trying to find NMS support
[21:42:28] [Server thread/INFO]: [NBTAPI] [NBTAPI] NMS support 'MC1_21_R1' loaded!
[21:42:28] [Server thread/INFO]: [NBTAPI] [NBTAPI] Using the plugin 'Quests' to create a bStats instance!
[21:42:28] [Server thread/INFO]: [Quests] Loaded language en-US. Translations via Crowdin
[21:42:28] [Server thread/INFO]: [Quests] Loading storage implementation: YAML
[21:42:29] [Server thread/INFO]: [CelestialSwords] Enabling CelestialSwords v1.2.7
[21:42:29] [Server thread/INFO]: [CelestialSwords] Checking plugin dependencies...
[21:42:29] [Server thread/WARN]: [CelestialSwords] Required dependency '' is missing. Attempting to download and install...
[21:42:29] [Server thread/ERROR]: [CelestialSwords] Error downloading plugin ''
java.net.MalformedURLException: no protocol: 
	at java.base/java.net.URL.<init>(URL.java:772) ~[?:?]
	at java.base/java.net.URL.<init>(URL.java:654) ~[?:?]
	at java.base/java.net.URL.<init>(URL.java:590) ~[?:?]
	at CelestialSwords-1.2.7.jar/com.celestialswords.dependency.DependencyManager.downloadAndInstallPlugin(DependencyManager.java:119) ~[CelestialSwords-1.2.7.jar:?]
	at CelestialSwords-1.2.7.jar/com.celestialswords.dependency.DependencyManager.checkAndInstallDependencies(DependencyManager.java:85) ~[CelestialSwords-1.2.7.jar:?]
	at CelestialSwords-1.2.7.jar/com.celestialswords.CelestialSwords.setupDependencies(CelestialSwords.java:119) ~[CelestialSwords-1.2.7.jar:?]
	at CelestialSwords-1.2.7.jar/com.celestialswords.CelestialSwords.onEnable(CelestialSwords.java:31) ~[CelestialSwords-1.2.7.jar:?]
	at org.bukkit.plugin.java.JavaPlugin.setEnabled(JavaPlugin.java:288) ~[paper-mojangapi-1.21.1-R0.1-SNAPSHOT.jar:?]
	at io.papermc.paper.plugin.manager.PaperPluginInstanceManager.enablePlugin(PaperPluginInstanceManager.java:202) ~[paper-1.21.1.jar:1.21.1-57-b483da4]
	at io.papermc.paper.plugin.manager.PaperPluginManagerImpl.enablePlugin(PaperPluginManagerImpl.java:109) ~[paper-1.21.1.jar:1.21.1-57-b483da4]
	at org.bukkit.plugin.SimplePluginManager.enablePlugin(SimplePluginManager.java:520) ~[paper-mojangapi-1.21.1-R0.1-SNAPSHOT.jar:?]
	at org.bukkit.craftbukkit.CraftServer.enablePlugin(CraftServer.java:640) ~[paper-1.21.1.jar:1.21.1-57-b483da4]
	at org.bukkit.craftbukkit.CraftServer.enablePlugins(CraftServer.java:589) ~[paper-1.21.1.jar:1.21.1-57-b483da4]
	at net.minecraft.server.MinecraftServer.loadWorld0(MinecraftServer.java:754) ~[paper-1.21.1.jar:1.21.1-57-b483da4]
	at net.minecraft.server.MinecraftServer.loadLevel(MinecraftServer.java:516) ~[paper-1.21.1.jar:1.21.1-57-b483da4]
	at net.minecraft.server.dedicated.DedicatedServer.initServer(DedicatedServer.java:329) ~[paper-1.21.1.jar:1.21.1-57-b483da4]
	at net.minecraft.server.MinecraftServer.runServer(MinecraftServer.java:1215) ~[paper-1.21.1.jar:1.21.1-57-b483da4]
	at net.minecraft.server.MinecraftServer.lambda$spin$0(MinecraftServer.java:330) ~[paper-1.21.1.jar:1.21.1-57-b483da4]
	at java.base/java.lang.Thread.run(Thread.java:1583) ~[?:?]
[21:42:29] [Server thread/INFO]: [CelestialSwords] Dependency 'FaithBreak' is already installed.
[21:42:29] [Server thread/INFO]: [CelestialSwords] Loaded sword enchantments and recipes from configuration
[21:42:29] [Server thread/INFO]: [CelestialSwords] Loaded sword data for 0 players and 0 global swords
[21:42:29] [Server thread/INFO]: [CelestialSwords] CelestialSwords plugin has been enabled!
[21:42:29] [Server thread/INFO]: [ClearLag] Enabling ClearLag v3.2.2
[21:42:29] [Server thread/INFO]: [ClearLag] Using version-adapter: LatestVersionAdapter
[21:42:29] [Server thread/INFO]: [ClearLag] Loading modules...
[21:42:29] [Server thread/WARN]: [ClearLag] Clearlag failed to use the internal TPS tracker during initialization. Reverted to estimation... (Index 3 out of bounds for length 3)
[21:42:29] [Server thread/INFO]: [ClearLag] Modules enabed, loading config values
[21:42:29] [Server thread/INFO]: [ClearLag] Modules have been loaded!
[21:42:29] [Server thread/INFO]: [ClearLag] Clearlag is now enabled!
[21:42:29] [Thread-24/WARN]: [ClearLag] Clearlag failed to check for updates - bukkit may be down
[21:42:29] [Thread-24/WARN]: java.lang.ArrayIndexOutOfBoundsException: Index 3 out of bounds for length 3
[21:42:29] [Thread-24/WARN]: 	at Clearlag.jar//me.minebuilders.clearlag.Util.getBukkitVersion(Util.java:105)
[21:42:29] [Thread-24/WARN]: 	at Clearlag.jar//me.minebuilders.clearlag.BukkitUpdater.updateAvailable(BukkitUpdater.java:32)
[21:42:29] [Thread-24/WARN]: 	at Clearlag.jar//me.minebuilders.clearlag.BukkitUpdater.run(BukkitUpdater.java:82)
[21:42:29] [Thread-24/WARN]: 	at java.base/java.lang.Thread.run(Thread.java:1583)
[21:42:29] [Server thread/INFO]: [Chunky] Enabling Chunky v1.4.40
[21:42:29] [Server thread/INFO]: [FaithBreak] Enabling FaithBreak v1.2.0
[21:42:29] [Server thread/INFO]: [FaithBreak] FaithBreak has been enabled! Debug mode: OFF
[21:42:29] [Server thread/INFO]: [AxGraves] Enabling AxGraves v1.22.2
[21:42:31] [Server thread/INFO]: [InvSee++] Enabling InvSeePlusPlus v0.30.4
[21:42:31] [Server thread/INFO]: [EssentialsSpawn] Enabling EssentialsSpawn v2.21.1
[21:42:31] [Server thread/INFO]: [EssentialsSpawn] Starting Metrics. Opt-out using the global bStats config.
[21:42:31] [Server thread/INFO]: [MagicAbilities] Enabling MagicAbilities v0.4.4
[21:42:31] [Server thread/INFO]: Database is operational
[21:42:31] [Server thread/INFO]: [ExecutableEvents] Enabling ExecutableEvents v3.25.6.29
[21:42:31] [Server thread/INFO]: ================ ExecutableEvents ================
[21:42:32] [Server thread/INFO]: ExecutableEvents Amount of Executable Events configurations loaded: 0
[21:42:32] [Server thread/INFO]: ================ ExecutableEvents ================
[21:42:32] [Server thread/INFO]: [ExecutableItems] Enabling ExecutableItems v7.25.6.29
[21:42:32] [Server thread/INFO]: ================ ExecutableItems ================
[21:42:32] [Server thread/WARN]: [ExecutableItems] No pack found in the folder __textures__
[21:42:34] [Thread-23/WARN]: [CelestialSwords] Error checking for updates
java.net.SocketTimeoutException: Read timed out
	at java.base/sun.nio.ch.NioSocketImpl.timedRead(NioSocketImpl.java:278) ~[?:?]
	at java.base/sun.nio.ch.NioSocketImpl.implRead(NioSocketImpl.java:304) ~[?:?]
	at java.base/sun.nio.ch.NioSocketImpl.read(NioSocketImpl.java:346) ~[?:?]
	at java.base/sun.nio.ch.NioSocketImpl$1.read(NioSocketImpl.java:796) ~[?:?]
	at java.base/java.net.Socket$SocketInputStream.read(Socket.java:1099) ~[?:?]
	at java.base/sun.security.ssl.SSLSocketInputRecord.read(SSLSocketInputRecord.java:489) ~[?:?]
	at java.base/sun.security.ssl.SSLSocketInputRecord.readHeader(SSLSocketInputRecord.java:483) ~[?:?]
	at java.base/sun.security.ssl.SSLSocketInputRecord.bytesInCompletePacket(SSLSocketInputRecord.java:70) ~[?:?]
	at java.base/sun.security.ssl.SSLSocketImpl.readApplicationRecord(SSLSocketImpl.java:1461) ~[?:?]
	at java.base/sun.security.ssl.SSLSocketImpl$AppInputStream.read(SSLSocketImpl.java:1066) ~[?:?]
	at java.base/java.io.BufferedInputStream.fill(BufferedInputStream.java:291) ~[?:?]
	at java.base/java.io.BufferedInputStream.read1(BufferedInputStream.java:347) ~[?:?]
	at java.base/java.io.BufferedInputStream.implRead(BufferedInputStream.java:420) ~[?:?]
	at java.base/java.io.BufferedInputStream.read(BufferedInputStream.java:399) ~[?:?]
	at java.base/sun.net.www.http.HttpClient.parseHTTPHeader(HttpClient.java:827) ~[?:?]
	at java.base/sun.net.www.http.HttpClient.parseHTTP(HttpClient.java:759) ~[?:?]
	at java.base/sun.net.www.protocol.http.HttpURLConnection.getInputStream0(HttpURLConnection.java:1705) ~[?:?]
	at java.base/sun.net.www.protocol.http.HttpURLConnection.getInputStream(HttpURLConnection.java:1614) ~[?:?]
	at java.base/java.net.HttpURLConnection.getResponseCode(HttpURLConnection.java:531) ~[?:?]
	at java.base/sun.net.www.protocol.https.HttpsURLConnectionImpl.getResponseCode(HttpsURLConnectionImpl.java:307) ~[?:?]
	at CelestialSwords-1.2.7.jar/com.celestialswords.ModrinthUpdater.checkForUpdates(ModrinthUpdater.java:131) ~[CelestialSwords-1.2.7.jar:?]
	at CelestialSwords-1.2.7.jar/com.celestialswords.ModrinthUpdater.runUpdateCheck(ModrinthUpdater.java:95) ~[CelestialSwords-1.2.7.jar:?]
	at java.base/java.lang.Thread.run(Thread.java:1583) ~[?:?]
[21:42:37] [Server thread/INFO]: ExecutableItems Amount of Executable Items configurations loaded: 18
[21:42:37] [Server thread/INFO]: ExecutableItems Items with display conditions :  
[21:42:37] [Server thread/INFO]: ================ ExecutableItems ================
[21:42:37] [Server thread/INFO]: [CrazyEnchantments] Enabling CrazyEnchantments v2.5.2
[21:42:37] [Server thread/INFO]: [CrazyEnchantments] Loading the config.yml
[21:42:37] [Server thread/INFO]: [CrazyEnchantments] Successfully loaded config.yml
[21:42:37] [Server thread/INFO]: [CrazyEnchantments] Loading the BlockList.yml
[21:42:37] [Server thread/INFO]: [CrazyEnchantments] Successfully loaded BlockList.yml
[21:42:37] [Server thread/INFO]: [CrazyEnchantments] Loading the HeadMap.yml
[21:42:37] [Server thread/INFO]: [CrazyEnchantments] Successfully loaded HeadMap.yml
[21:42:37] [Server thread/INFO]: [CrazyEnchantments] Loading the Data.yml
[21:42:37] [Server thread/INFO]: [CrazyEnchantments] Successfully loaded Data.yml
[21:42:37] [Server thread/INFO]: [CrazyEnchantments] Loading the Enchantments.yml
[21:42:37] [Server thread/INFO]: [CrazyEnchantments] Successfully loaded Enchantments.yml
[21:42:37] [Server thread/INFO]: [CrazyEnchantments] Loading the GKitz.yml
[21:42:37] [Server thread/INFO]: [CrazyEnchantments] Successfully loaded GKitz.yml
[21:42:37] [Server thread/INFO]: [CrazyEnchantments] Loading the Messages.yml
[21:42:37] [Server thread/INFO]: [CrazyEnchantments] Successfully loaded Messages.yml
[21:42:37] [Server thread/INFO]: [CrazyEnchantments] Loading the Enchantment-Types.yml
[21:42:37] [Server thread/INFO]: [CrazyEnchantments] Successfully loaded Enchantment-Types.yml
[21:42:37] [Server thread/INFO]: [CrazyEnchantments] Loading the Tinker.yml
[21:42:37] [Server thread/INFO]: [CrazyEnchantments] Successfully loaded Tinker.yml
[21:42:37] [Server thread/INFO]: [CrazyEnchantments]: === CrazyEnchantment Hook Status ===
[21:42:37] [Server thread/INFO]: [CrazyEnchantments]: MCMMO NOT FOUND
[21:42:37] [Server thread/INFO]: [CrazyEnchantments]: GRIEF_PREVENTION NOT FOUND
[21:42:37] [Server thread/INFO]: [CrazyEnchantments]: TOWNYADVANCED NOT FOUND
[21:42:37] [Server thread/INFO]: [CrazyEnchantments]: VAULT NOT FOUND
[21:42:37] [Server thread/INFO]: [CrazyEnchantments]: LANDS NOT FOUND
[21:42:37] [Server thread/INFO]: [CrazyEnchantments]: SUPERIORSKYBLOCK NOT FOUND
[21:42:37] [Server thread/INFO]: [CrazyEnchantments]: WORLDGUARD FOUND
[21:42:37] [Server thread/INFO]: [CrazyEnchantments]: ORAXEN NOT FOUND
[21:42:37] [Server thread/INFO]: [CrazyEnchantments]: WORLDEDIT FOUND
[21:42:37] [Server thread/INFO]: [CrazyEnchantments]: FACTIONS_UUID NOT FOUND
[21:42:37] [Server thread/INFO]: [CrazyEnchantments]: PLOT_SQUARED NOT FOUND
[21:42:38] [Server thread/INFO]: [CrazyEnchantments] G-Kitz support is now enabled.
[21:42:38] [Server thread/INFO]: [PlayerParticles] Enabling PlayerParticles v8.9
[21:42:38] [Server thread/INFO]: [PlayerParticles] Data handler connected using SQLite.
[21:42:39] [Server thread/INFO]: [spark] Starting background profiler...
[21:42:39] [Server thread/INFO]: [SuperEnchants] [STDOUT] Registering commands
[21:42:39] [Server thread/WARN]: Nag author(s): '[]' of 'SuperEnchants v3.1.8' about their usage of System.out/err.print. Please use your plugin's logger instead (JavaPlugin#getLogger).
[21:42:39] [Server thread/INFO]: Done preparing level "world" (64.657s)
[21:42:39] [Server thread/INFO]: Running delayed init tasks
[21:42:39] [Craft Scheduler Thread - 4 - Essentials/INFO]: [Essentials] Fetching version information...
[21:42:39] [Craft Scheduler Thread - 14 - BackpackPlus/INFO]: =============================[BackpackPlus]=============================
[21:42:39] [Craft Scheduler Thread - 14 - BackpackPlus/INFO]: Plugin has an update. (Beta 1.5.6)
[21:42:39] [Craft Scheduler Thread - 14 - BackpackPlus/INFO]: You can download from:
[21:42:39] [Craft Scheduler Thread - 14 - BackpackPlus/INFO]: https://legacy.curseforge.com/minecraft/bukkit-plugins/backpack-plus/
[21:42:39] [Craft Scheduler Thread - 14 - BackpackPlus/INFO]: https://www.spigotmc.org/resources/backpack-plus.109630/
[21:42:39] [Craft Scheduler Thread - 14 - BackpackPlus/INFO]: https://modrinth.com/plugin/backpack-plus/
[21:42:39] [Craft Scheduler Thread - 14 - BackpackPlus/INFO]: =============================[BackpackPlus]=============================
[21:42:40] [Craft Scheduler Thread - 10 - LevelledMobs/WARN]: [LevelledMobs] LevelledMobs Update Checker Notice:
[21:42:40] [Craft Scheduler Thread - 10 - LevelledMobs/WARN]: [LevelledMobs] Your LevelledMobs version is outdated! Please update to v4.3.2.1 as soon as possible. (You're running v4.3.1.1)
[21:42:40] [Server thread/INFO]: [AuraSkills] Loaded 11 skills with 312 total sources
[21:42:40] [Server thread/INFO]: [AuraSkills] Loaded 9 stats and 17 traits
[21:42:40] [Server thread/INFO]: [AuraSkills] Loaded 22 pattern rewards and 0 level rewards
[21:42:40] [Server thread/INFO]: [AuraSkills] Loaded 53 loot entries in 4 pools and 2 tables
[21:42:41] [Server thread/INFO]: [AuraSkills] Loaded 7 menus
[21:42:41] [Server thread/INFO]: [MagicSpells] Loading external data...
[21:42:41] [Server thread/INFO]: [MagicSpells] Initializing spells...
[21:42:41] [Server thread/INFO]: [MagicSpells] ...done
[21:42:41] [Server thread/INFO]: [MagicSpells] Loading variables...
[21:42:41] [Server thread/INFO]: [MagicSpells] ...variable meta types loaded: 117
[21:42:41] [Server thread/INFO]: [MagicSpells] ...variable types loaded: 6
[21:42:41] [Server thread/INFO]: [MagicSpells] ...variables loaded: 0
[21:42:41] [Server thread/INFO]: [MagicSpells] Loading spell effect types...
[21:42:41] [Server thread/INFO]: [MagicSpells] ...spell effect types loaded: 32
[21:42:41] [Server thread/INFO]: [MagicSpells] Loading conditions...
[21:42:41] [Server thread/INFO]: [MagicSpells] ...conditions loaded: 145
[21:42:41] [Server thread/INFO]: [MagicSpells] Loading passive listeners...
[21:42:42] [Server thread/INFO]: [MagicSpells] ...passive listeners loaded: 80
[21:42:42] [Server thread/INFO]: [MagicSpells] ...done
[21:42:42] [Server thread/INFO]: [MagicSpells] MagicSpells loading complete!
[21:42:42] [Server thread/INFO]: Done (115.481s)! For help, type "help"
[21:42:42] [Server thread/INFO]: Timings Reset
[21:42:42] [Craft Scheduler Thread - 9 - AuraSkills/INFO]: [AuraSkills] New update available! You are on version 2.3.3, latest version is 2.3.5
[AuraSkills] Download it on Modrinth: https://modrinth.com/plugin/uDdZAVls/version/Fuq2cC7G
[21:42:42] [Server thread/WARN]: Can't keep up! Is the server overloaded? Running 2676ms or 53 ticks behind
[21:42:42] [Server thread/INFO]: [Quests] Loaded 4 Quest(s), 7 Action(s), 1 Condition(s) and 804 Phrase(s)
[21:42:42] [Craft Scheduler Thread - 13 - ImageFrame/INFO]: [ImageFrame] Data loading completed! Loaded 6 ImageMaps!
[21:46:24] [User Authenticator #0/INFO]: UUID of player robeeert7385 is cc87c641-6c3b-3200-8ebc-585e92243fc1
[21:46:27] [Server thread/INFO]: robeeert7385 joined the game
[21:46:28] [Server thread/INFO]: robeeert7385[/127.23.164.190:40497] logged in with entity id 100 at ([world]46.61711992043982, 63.0, 159.71881047770486)
[21:46:28] [Craft Scheduler Thread - 23 - FaithBreak/INFO]: [FaithBreak] Player connecting from local/private network (127.23.164.190) - plugin functionality disabled for this player
[21:46:29] [Server thread/WARN]: Can't keep up! Is the server overloaded? Running 2868ms or 57 ticks behind
[21:46:40] [Server thread/INFO]: robeeert7385 issued server command: /time set day
[21:47:58] [Server thread/INFO]: robeeert7385 issued server command: /b add air robeeert7385
[21:48:09] [Server thread/INFO]: robeeert7385 issued server command: /b bind tornado
[21:48:23] [Server thread/INFO]: robeeert7385 issued server command: /b clear
[21:48:27] [Server thread/INFO]: robeeert7385 issued server command: /deop
[21:48:37] [Server thread/INFO]: robeeert7385 issued server command: /gamemode survival
[21:48:42] [Server thread/INFO]: robeeert7385 issued server command: /deop robeeert7385
[21:48:42] [Server thread/INFO]: [robeeert7385: Made robeeert7385 no longer a server operator]
[21:48:50] [Server thread/INFO]: robeeert7385 issued server command: /b bind tornado
[21:49:21] [Server thread/INFO]: Made robeeert7385 a server operator
[21:49:24] [Server thread/INFO]: robeeert7385 issued server command: /gamemode creative
[21:49:32] [Server thread/INFO]: robeeert7385 issued server command: /b remove air robeeert7385
[21:49:44] [Server thread/INFO]: robeeert7385 issued server command: /chunky continue
[21:49:45] [Thread-84/INFO]: [Chunky] Task running for world. Processed: 17047 chunks (4.34%), ETA: 0:15:29, Rate: 404.8 cps, Current: -39, -33
[21:49:48] [Paper Common Worker #0/WARN]: [com.dfsek.terra.bukkit.world.BukkitProtoWorld] Detected world access at coordinates out of bounds: (-536, 0, -576) accessed for region [-34, -38]
[21:49:52] [Server thread/INFO]: [Chunky] Task running for world. Processed: 17048 chunks (4.34%), ETA: 15:17:25, Rate: 6.8 cps, Current: -33, -43
[21:49:53] [Server thread/INFO]: [Chunky] Task running for world. Processed: 17077 chunks (4.34%), ETA: 11:23:32, Rate: 9.2 cps, Current: -34, -35
[21:49:55] [Server thread/INFO]: [Chunky] Task running for world. Processed: 17083 chunks (4.35%), ETA: 12:23:57, Rate: 8.4 cps, Current: -34, -34
[21:49:56] [Server thread/INFO]: [Chunky] Task running for world. Processed: 17099 chunks (4.35%), ETA: 12:12:02, Rate: 8.6 cps, Current: -36, -41
[21:49:58] [Server thread/INFO]: [Chunky] Task running for world. Processed: 17108 chunks (4.35%), ETA: 12:18:36, Rate: 8.5 cps, Current: -36, -42
[21:49:58] [Server thread/INFO]: robeeert7385 lost connection: Disconnected
[21:49:59] [Server thread/INFO]: robeeert7385 left the game
[21:49:59] [Server thread/INFO]: [Chunky] Task running for world. Processed: 17124 chunks (4.36%), ETA: 11:46:02, Rate: 8.9 cps, Current: -40, -46
[21:50:00] [Server thread/INFO]: [Chunky] Task running for world. Processed: 17145 chunks (4.36%), ETA: 10:49:53, Rate: 9.6 cps, Current: -36, -47
[21:50:01] [Server thread/INFO]: [Chunky] Task running for world. Processed: 17160 chunks (4.36%), ETA: 10:33:43, Rate: 9.9 cps, Current: -33, -52
[21:50:02] [Server thread/INFO]: [Chunky] Task running for world. Processed: 17168 chunks (4.37%), ETA: 10:52:56, Rate: 9.6 cps, Current: -35, -51
[21:50:04] [Server thread/INFO]: [Chunky] Task running for world. Processed: 17191 chunks (4.37%), ETA: 10:24:43, Rate: 10.0 cps, Current: -38, -52
[21:50:05] [Server thread/INFO]: [Chunky] Task running for world. Processed: 17196 chunks (4.37%), ETA: 10:42:58, Rate: 9.7 cps, Current: -39, -50
[21:50:06] [Server thread/INFO]: [Chunky] Task running for world. Processed: 17218 chunks (4.38%), ETA: 10:11:15, Rate: 10.2 cps, Current: -36, -56
[21:50:07] [Server thread/INFO]: [Chunky] Task running for world. Processed: 17241 chunks (4.39%), ETA: 9:43:58, Rate: 10.7 cps, Current: -42, -52
[21:50:08] [Server thread/INFO]: [Chunky] Task running for world. Processed: 17250 chunks (4.39%), ETA: 9:48:17, Rate: 10.6 cps, Current: -40, -56
[21:50:09] [Server thread/INFO]: [Chunky] Task running for world. Processed: 17281 chunks (4.40%), ETA: 9:06:45, Rate: 11.5 cps, Current: -42, -57
[21:50:10] [Server thread/INFO]: [Chunky] Task running for world. Processed: 17297 chunks (4.40%), ETA: 9:01:35, Rate: 11.6 cps, Current: -48, -59
[21:50:11] [Server thread/INFO]: [Chunky] Task running for world. Processed: 17307 chunks (4.40%), ETA: 9:04:27, Rate: 11.5 cps, Current: -41, -59
[21:50:12] [Server thread/INFO]: [Chunky] Task running for world. Processed: 17324 chunks (4.41%), ETA: 8:56:32, Rate: 11.7 cps, Current: -47, -63
[21:50:14] [Server thread/INFO]: [Chunky] Task running for world. Processed: 17332 chunks (4.41%), ETA: 9:07:18, Rate: 11.4 cps, Current: -47, -64
[21:50:15] [Server thread/INFO]: [Chunky] Task running for world. Processed: 17343 chunks (4.41%), ETA: 8:02:47, Rate: 13.0 cps, Current: -39, -62
[21:50:16] [Server thread/INFO]: [Chunky] Task running for world. Processed: 17365 chunks (4.42%), ETA: 7:50:49, Rate: 13.3 cps, Current: -38, -62
[21:50:21] [Server thread/INFO]: [Chunky] Task running for world. Processed: 17409 chunks (4.43%), ETA: 8:29:05, Rate: 12.3 cps, Current: -64, -32
[21:50:23] [Server thread/INFO]: [Chunky] Task running for world. Processed: 17410 chunks (4.43%), ETA: 9:19:29, Rate: 11.2 cps, Current: -63, -32
[21:50:25] [Server thread/INFO]: [Chunky] Task running for world. Processed: 17412 chunks (4.43%), ETA: 9:31:59, Rate: 10.9 cps, Current: -61, -32
[21:50:29] [Server thread/INFO]: [Chunky] Task running for world. Processed: 17413 chunks (4.43%), ETA: 11:17:57, Rate: 9.2 cps, Current: -62, -31
[21:50:30] [Server thread/INFO]: [Chunky] Task running for world. Processed: 17415 chunks (4.43%), ETA: 11:56:24, Rate: 8.7 cps, Current: -62, -30
[21:50:32] [Server thread/INFO]: [Chunky] Task running for world. Processed: 17419 chunks (4.43%), ETA: 12:14:10, Rate: 8.5 cps, Current: -64, -31
[21:50:33] [Server thread/INFO]: [Chunky] Task running for world. Processed: 17429 chunks (4.43%), ETA: 12:42:49, Rate: 8.2 cps, Current: -63, -30
[21:50:34] [Server thread/INFO]: [Chunky] Task running for world. Processed: 17431 chunks (4.43%), ETA: 12:53:29, Rate: 8.1 cps, Current: -63, -28
[21:50:35] [Server thread/INFO]: [Chunky] Task running for world. Processed: 17440 chunks (4.44%), ETA: 13:46:36, Rate: 7.6 cps, Current: -60, -26
[21:50:37] [Server thread/INFO]: [Chunky] Task running for world. Processed: 17464 chunks (4.44%), ETA: 13:39:08, Rate: 7.6 cps, Current: -62, -25
[21:50:38] [Server thread/INFO]: [Chunky] Task running for world. Processed: 17485 chunks (4.45%), ETA: 12:59:43, Rate: 8.0 cps, Current: -51, -32
[21:50:39] [Server thread/INFO]: [Chunky] Task running for world. Processed: 17490 chunks (4.45%), ETA: 14:42:54, Rate: 7.1 cps, Current: -53, -31
[21:50:41] [Server thread/INFO]: [Chunky] Task running for world. Processed: 17497 chunks (4.45%), ETA: 15:59:20, Rate: 6.5 cps, Current: -56, -28
[21:50:42] [Server thread/INFO]: [Chunky] Task running for world. Processed: 17498 chunks (4.45%), ETA: 17:34:26, Rate: 5.9 cps, Current: -51, -30
[21:50:44] [Server thread/INFO]: [Chunky] Task running for world. Processed: 17512 chunks (4.45%), ETA: 17:55:04, Rate: 5.8 cps, Current: -53, -27
